[38;5;112m[Appium][0m Welcome to Appium v2.11.3
[38;5;112m[Appium][0m Non-default server args:
[38;5;112m[Appium][0m { basePath: [32m'/wd/hub'[39m, loglevel: [32m'info'[39m, port: [33m64244[39m }
[38;5;112m[Appium][0m Attempting to load driver flutter...
[38;5;112m[Appium][0m Attempting to load driver uiautomator2...
[38;5;112m[Appium][0m Attempting to load driver xcuitest...
[38;5;112m[Appium][0m Appium REST http interface listener started on http://0.0.0.0:64244/wd/hub
[38;5;112m[Appium][0m You can provide the following URLs in your client code to connect to this server:
	http://127.0.0.1:64244/wd/hub (only accessible from the same host)
	http://192.168.1.8:64244/wd/hub
[38;5;112m[Appium][0m Available drivers:
[38;5;112m[Appium][0m   - flutter@2.4.2 (automationName 'Flutter')
[38;5;112m[Appium][0m   - uiautomator2@2.10.0 (automationName 'UiAutomator2')
[38;5;112m[Appium][0m   - xcuitest@7.35.0 (automationName 'XCUITest')
[38;5;112m[Appium][0m No plugins have been installed. Use the "appium plugin" command to install the one(s) you want to use.
[38;5;86m[HTTP][0m [37m-->[39m [37mGET[39m [37m/wd/hub/status[39m [90m{}[39m
[38;5;86m[HTTP][0m [37m<-- GET /wd/hub/status [39m[32m200[39m [90m5 ms - 111[39m [90m[39m
[38;5;86m[HTTP][0m [37m-->[39m [37mPOST[39m [37m/wd/hub/session[39m [90m{"desiredCapabilities":{"appium:noReset":false,"appium:waitForAppScript":"true;","appium:newCommandTimeout":1800,"appium:wdaLocalPort":64200,"appium:platformName":"iOS","appium:deviceName":"iPhone 16","platformName":"iOS","appium:automationName":"XCUITest","appium:fullReset":true,"appium:app":"/Users/bhavyansh-katalon/Downloads/iOS.Simulator.SauceLabs.Mobile.Sample.app.2.7.1.app","appium:platformVersion":"18.2"},"capabilities":{"firstMatch":[{"appium:app":"/Users/bhavyansh-katalon/Downloads/iOS.Simulator.SauceLabs.Mobile.Sample.app.2.7.1.app","appium:automationName":"XCUITest","appium:deviceName":"iPhone 16","appium:fullReset":true,"appium:newCommandTimeout":1800,"appium:noReset":false,"appium:platformName":"iOS","appium:platformVersion":"18.2","appium:waitForAppScript":"true;","appium:wdaLocalPort":64200,"platformName":"ios"}]}}[39m
[38;5;123m[BaseDriver][0m Ignoring capability 'appium:platformName=iOS' and using capability 'platformName=ios'
[38;5;123m[BaseDriver][0m The capabilities ["platformName"] are standard capabilities and do not require "appium:" prefix
[38;5;112m[Appium][0m Attempting to find matching driver for automationName 'XCUITest' and platformName 'ios'
[38;5;112m[Appium][0m The 'xcuitest' driver was installed and matched caps.
[38;5;112m[Appium][0m Will require it at /Users/bhavyansh-katalon/.appium/node_modules/appium-xcuitest-driver
[38;5;113m[AppiumDriver@f759][0m Appium v2.11.3 creating new XCUITestDriver (v7.35.0) session
[38;5;113m[AppiumDriver@f759][0m Checking BaseDriver versions for Appium and XCUITestDriver
[38;5;113m[AppiumDriver@f759][0m Appium's BaseDriver version is 9.11.3
[38;5;113m[AppiumDriver@f759][0m XCUITestDriver's BaseDriver version is 9.11.3
[38;5;21m[XCUITestDriver@f5de][0m The following provided capabilities were not recognized by this driver:
[38;5;21m[XCUITestDriver@f5de][0m   waitForAppScript
[38;5;190m[0507c1b4][0m[38;5;21m[XCUITestDriver@f5de][0m Session created with session id: 0507c1b4-e794-47e0-b4b0-efa2ca42614e
[38;5;190m[0507c1b4][0m[38;5;21m[XCUITestDriver@f5de][0m No real device udid has been provided in capabilities. Will select a matching simulator to run the test.
[38;5;190m[0507c1b4][0m[38;5;21m[XCUITestDriver@f5de][0m iOS SDK Version set to '18.2'
[38;5;190m[0507c1b4][0m[38;5;21m[XCUITestDriver@f5de][0m Constructing iOS simulator for Xcode version 16.2 with udid '014A9FE7-D587-4BA0-A617-B5C91A739E17'
[38;5;190m[0507c1b4][0m[38;5;21m[XCUITestDriver@f5de][0m Determining device to run tests on: udid: '014A9FE7-D587-4BA0-A617-B5C91A739E17', real device: false
[38;5;190m[0507c1b4][0m[38;5;123m[BaseDriver][0m Using local app '/Users/bhavyansh-katalon/Downloads/iOS.Simulator.SauceLabs.Mobile.Sample.app.2.7.1.app'
[38;5;190m[0507c1b4][0m[38;5;21m[XCUITestDriver@f5de][0m Cleaning simulator 014A9FE7-D587-4BA0-A617-B5C91A739E17
[38;5;190m[0507c1b4][0m[38;5;21m[XCUITestDriver@f5de][0m Using WDA path: '/Users/bhavyansh-katalon/.appium/node_modules/appium-xcuitest-driver/node_modules/appium-webdriveragent'
[38;5;190m[0507c1b4][0m[38;5;21m[XCUITestDriver@f5de][0m Using WDA agent: '/Users/bhavyansh-katalon/.appium/node_modules/appium-xcuitest-driver/node_modules/appium-webdriveragent/WebDriverAgent.xcodeproj'
[38;5;190m[0507c1b4][0m[38;5;21m[XCUITestDriver@f5de][0m Continuing without capturing device logs: iOS Simulator with udid '014A9FE7-D587-4BA0-A617-B5C91A739E17' is not running
[38;5;190m[0507c1b4][0m[38;5;21m[XCUITestDriver@f5de][0m Setting up simulator
[38;5;190m[0507c1b4][0m[38;5;21m[XCUITestDriver@f5de][0m Simulator with UDID 014A9FE7-D587-4BA0-A617-B5C91A739E17 booted in 24.285s
[38;5;190m[0507c1b4][0m[38;5;21m[XCUITestDriver@f5de][0m App 'com.saucelabs.SwagLabsMobileApp' is not installed yet or it has an offload and cannot be detected, which might keep the local data.
[38;5;190m[0507c1b4][0m[38;5;21m[XCUITestDriver@f5de][0m The app has been successfully installed in 4860ms
[38;5;190m[0507c1b4][0m[38;5;23m[DevCon Factory][0m Requesting connection for device 014A9FE7-D587-4BA0-A617-B5C91A739E17 on local port 64200
[38;5;190m[0507c1b4][0m[38;5;23m[DevCon Factory][0m Successfully requested the connection for 014A9FE7-D587-4BA0-A617-B5C91A739E17:64200
[38;5;190m[0507c1b4][0m[38;5;151m[WD Proxy][0m connect ECONNREFUSED 127.0.0.1:64200
[38;5;190m[0507c1b4][0m[38;5;21m[XCUITestDriver@f5de][0m Launching WebDriverAgent on the device
[38;5;190m[0507c1b4][0m[38;5;21m[XCUITestDriver@f5de][0m There is no need to perform the project cleanup. A fresh install has been detected
[38;5;190m[0507c1b4][0m[38;5;21m[XCUITestDriver@f5de][0m connect ECONNREFUSED 127.0.0.1:64200
[38;5;190m[0507c1b4][0m[38;5;21m[XCUITestDriver@f5de][0m connect ECONNREFUSED 127.0.0.1:64200
[38;5;190m[0507c1b4][0m[38;5;21m[XCUITestDriver@f5de][0m connect ECONNREFUSED 127.0.0.1:64200
[38;5;190m[0507c1b4][0m[38;5;21m[XCUITestDriver@f5de][0m connect ECONNREFUSED 127.0.0.1:64200
[38;5;190m[0507c1b4][0m[38;5;21m[XCUITestDriver@f5de][0m connect ECONNREFUSED 127.0.0.1:64200
[38;5;190m[0507c1b4][0m[38;5;21m[XCUITestDriver@f5de][0m connect ECONNREFUSED 127.0.0.1:64200
[38;5;190m[0507c1b4][0m[38;5;21m[XCUITestDriver@f5de][0m connect ECONNREFUSED 127.0.0.1:64200
[38;5;190m[0507c1b4][0m[38;5;21m[XCUITestDriver@f5de][0m connect ECONNREFUSED 127.0.0.1:64200
[38;5;190m[0507c1b4][0m[38;5;21m[XCUITestDriver@f5de][0m connect ECONNREFUSED 127.0.0.1:64200
[38;5;190m[0507c1b4][0m[38;5;21m[XCUITestDriver@f5de][0m connect ECONNREFUSED 127.0.0.1:64200
[38;5;190m[0507c1b4][0m[38;5;21m[XCUITestDriver@f5de][0m connect ECONNREFUSED 127.0.0.1:64200
[38;5;190m[0507c1b4][0m[38;5;21m[XCUITestDriver@f5de][0m connect ECONNREFUSED 127.0.0.1:64200
[38;5;190m[0507c1b4][0m[38;5;21m[XCUITestDriver@f5de][0m connect ECONNREFUSED 127.0.0.1:64200
[38;5;190m[0507c1b4][0m[38;5;21m[XCUITestDriver@f5de][0m connect ECONNREFUSED 127.0.0.1:64200
[38;5;190m[0507c1b4][0m[38;5;21m[XCUITestDriver@f5de][0m connect ECONNREFUSED 127.0.0.1:64200
[38;5;190m[0507c1b4][0m[38;5;21m[XCUITestDriver@f5de][0m connect ECONNREFUSED 127.0.0.1:64200
[38;5;190m[0507c1b4][0m[38;5;21m[XCUITestDriver@f5de][0m connect ECONNREFUSED 127.0.0.1:64200
[38;5;190m[0507c1b4][0m[38;5;21m[XCUITestDriver@f5de][0m Determined the downstream protocol as 'W3C'
[38;5;190m[0507c1b4][0m[38;5;21m[XCUITestDriver@f5de][0m WDA session startup took 1700ms
[38;5;190m[0507c1b4][0m[38;5;113m[AppiumDriver@f759][0m New XCUITestDriver session created successfully, session 0507c1b4-e794-47e0-b4b0-efa2ca42614e added to master session list
[38;5;190m[0507c1b4][0m[38;5;86m[HTTP][0m [37m<-- POST /wd/hub/session [39m[32m200[39m [90m61563 ms - 621[39m [90m[39m
[38;5;190m[0507c1b4][0m[38;5;86m[HTTP][0m [37m-->[39m [37mGET[39m [37m/wd/hub/session/0507c1b4-e794-47e0-b4b0-efa2ca42614e[39m [90m{}[39m
[38;5;190m[0507c1b4][0m[38;5;86m[HTTP][0m [37m<-- GET /wd/hub/session/0507c1b4-e794-47e0-b4b0-efa2ca42614e [39m[32m200[39m [90m2 ms - 311[39m [90m[39m
[38;5;190m[0507c1b4][0m[38;5;86m[HTTP][0m [37m-->[39m [37mGET[39m [37m/wd/hub/session/0507c1b4-e794-47e0-b4b0-efa2ca42614e[39m [90m{}[39m
[38;5;190m[0507c1b4][0m[38;5;86m[HTTP][0m [37m<-- GET /wd/hub/session/0507c1b4-e794-47e0-b4b0-efa2ca42614e [39m[32m200[39m [90m0 ms - 311[39m [90m[39m
[38;5;86m[HTTP][0m [37m-->[39m [37mGET[39m [37m/wd/hub/status[39m [90m{}[39m
[38;5;86m[HTTP][0m [37m<-- GET /wd/hub/status [39m[32m200[39m [90m1 ms - 111[39m [90m[39m
[38;5;190m[0507c1b4][0m[38;5;86m[HTTP][0m [37m-->[39m [37mPOST[39m [37m/wd/hub/session/0507c1b4-e794-47e0-b4b0-efa2ca42614e/timeouts[39m [90m{"implicit":30000}[39m
[38;5;190m[0507c1b4][0m[38;5;86m[HTTP][0m [37m<-- POST /wd/hub/session/0507c1b4-e794-47e0-b4b0-efa2ca42614e/timeouts [39m[32m200[39m [90m1 ms - 14[39m [90m[39m
[38;5;190m[0507c1b4][0m[38;5;86m[HTTP][0m [37m-->[39m [37mPOST[39m [37m/wd/hub/session/0507c1b4-e794-47e0-b4b0-efa2ca42614e/execute/sync[39m [90m{"script":"mobile: deviceScreenInfo","args":[]}[39m
[38;5;190m[0507c1b4][0m[38;5;86m[HTTP][0m [37m<-- POST /wd/hub/session/0507c1b4-e794-47e0-b4b0-efa2ca42614e/execute/sync [39m[32m200[39m [90m205 ms - 103[39m [90m[39m
[38;5;190m[0507c1b4][0m[38;5;86m[HTTP][0m [37m-->[39m [37mPOST[39m [37m/wd/hub/session/0507c1b4-e794-47e0-b4b0-efa2ca42614e/execute/sync[39m [90m{"script":"mobile: deviceScreenInfo","args":[]}[39m
[38;5;190m[0507c1b4][0m[38;5;86m[HTTP][0m [37m<-- POST /wd/hub/session/0507c1b4-e794-47e0-b4b0-efa2ca42614e/execute/sync [39m[32m200[39m [90m3 ms - 103[39m [90m[39m
[38;5;190m[0507c1b4][0m[38;5;86m[HTTP][0m [37m-->[39m [37mPOST[39m [37m/wd/hub/session/0507c1b4-e794-47e0-b4b0-efa2ca42614e/timeouts[39m [90m{"implicit":50}[39m
[38;5;190m[0507c1b4][0m[38;5;86m[HTTP][0m [37m<-- POST /wd/hub/session/0507c1b4-e794-47e0-b4b0-efa2ca42614e/timeouts [39m[32m200[39m [90m1 ms - 14[39m [90m[39m
[38;5;190m[0507c1b4][0m[38;5;86m[HTTP][0m [37m-->[39m [37mGET[39m [37m/wd/hub/session/0507c1b4-e794-47e0-b4b0-efa2ca42614e/window/rect[39m [90m{}[39m
[38;5;190m[0507c1b4][0m[38;5;86m[HTTP][0m [37m<-- GET /wd/hub/session/0507c1b4-e794-47e0-b4b0-efa2ca42614e/window/rect [39m[32m200[39m [90m44 ms - 48[39m [90m[39m
[38;5;190m[0507c1b4][0m[38;5;86m[HTTP][0m [37m-->[39m [37mPOST[39m [37m/wd/hub/session/0507c1b4-e794-47e0-b4b0-efa2ca42614e/elements[39m [90m{"using":"xpath","value":"//*[@type = 'XCUIElementTypeTextField' and @name = 'test-Username' and @value = 'Username']"}[39m
[38;5;190m[0507c1b4][0m[38;5;86m[HTTP][0m [37m<-- POST /wd/hub/session/0507c1b4-e794-47e0-b4b0-efa2ca42614e/elements [39m[32m200[39m [90m378 ms - 139[39m [90m[39m
[38;5;190m[0507c1b4][0m[38;5;86m[HTTP][0m [37m-->[39m [37mGET[39m [37m/wd/hub/session/0507c1b4-e794-47e0-b4b0-efa2ca42614e/element/49000000-0000-0000-3E27-000000000000/location[39m [90m{}[39m
[38;5;190m[0507c1b4][0m[38;5;86m[HTTP][0m [37m<-- GET /wd/hub/session/0507c1b4-e794-47e0-b4b0-efa2ca42614e/element/49000000-0000-0000-3E27-000000000000/location [39m[32m200[39m [90m33 ms - 26[39m [90m[39m
[38;5;190m[0507c1b4][0m[38;5;86m[HTTP][0m [37m-->[39m [37mPOST[39m [37m/wd/hub/session/0507c1b4-e794-47e0-b4b0-efa2ca42614e/timeouts[39m [90m{"implicit":30000}[39m
[38;5;190m[0507c1b4][0m[38;5;86m[HTTP][0m [37m<-- POST /wd/hub/session/0507c1b4-e794-47e0-b4b0-efa2ca42614e/timeouts [39m[32m200[39m [90m0 ms - 14[39m [90m[39m
[38;5;190m[0507c1b4][0m[38;5;86m[HTTP][0m [37m-->[39m [37mPOST[39m [37m/wd/hub/session/0507c1b4-e794-47e0-b4b0-efa2ca42614e/element/49000000-0000-0000-3E27-000000000000/clear[39m [90m{"id":"49000000-0000-0000-3E27-000000000000"}[39m
[38;5;190m[0507c1b4][0m[38;5;86m[HTTP][0m [37m<-- POST /wd/hub/session/0507c1b4-e794-47e0-b4b0-efa2ca42614e/element/49000000-0000-0000-3E27-000000000000/clear [39m[32m200[39m [90m1102 ms - 14[39m [90m[39m
[38;5;190m[0507c1b4][0m[38;5;86m[HTTP][0m [37m-->[39m [37mPOST[39m [37m/wd/hub/session/0507c1b4-e794-47e0-b4b0-efa2ca42614e/element/49000000-0000-0000-3E27-000000000000/click[39m [90m{"id":"49000000-0000-0000-3E27-000000000000"}[39m
[38;5;190m[0507c1b4][0m[38;5;21m[XCUITestDriver@f5de][0m Driver proxy active, passing request on via HTTP proxy
[38;5;190m[0507c1b4][0m[38;5;21m[XCUITestDriver@f5de][0m Replacing sessionId DF880827-C87B-427F-B7B4-C1DEBAEE3AA9 with 0507c1b4-e794-47e0-b4b0-efa2ca42614e
[38;5;190m[0507c1b4][0m[38;5;86m[HTTP][0m [37m<-- POST /wd/hub/session/0507c1b4-e794-47e0-b4b0-efa2ca42614e/element/49000000-0000-0000-3E27-000000000000/click [39m[32m200[39m [90m1727 ms - 65[39m [90m[39m
[38;5;190m[0507c1b4][0m[38;5;86m[HTTP][0m [37m-->[39m [37mPOST[39m [37m/wd/hub/session/0507c1b4-e794-47e0-b4b0-efa2ca42614e/element/49000000-0000-0000-3E27-000000000000/value[39m [90m{"id":"49000000-0000-0000-3E27-000000000000","text":"user01","value":["u","s","e","r","0","1"]}[39m
[38;5;190m[0507c1b4][0m[38;5;86m[HTTP][0m [37m<-- POST /wd/hub/session/0507c1b4-e794-47e0-b4b0-efa2ca42614e/element/49000000-0000-0000-3E27-000000000000/value [39m[32m200[39m [90m348 ms - 14[39m [90m[39m
[38;5;190m[0507c1b4][0m[38;5;86m[HTTP][0m [37m-->[39m [37mGET[39m [37m/wd/hub/session/0507c1b4-e794-47e0-b4b0-efa2ca42614e/context[39m [90m{}[39m
[38;5;190m[0507c1b4][0m[38;5;86m[HTTP][0m [37m<-- GET /wd/hub/session/0507c1b4-e794-47e0-b4b0-efa2ca42614e/context [39m[32m200[39m [90m1 ms - 22[39m [90m[39m
[38;5;190m[0507c1b4][0m[38;5;86m[HTTP][0m [37m-->[39m [37mGET[39m [37m/wd/hub/session/0507c1b4-e794-47e0-b4b0-efa2ca42614e/contexts[39m [90m{}[39m
[38;5;190m[0507c1b4][0m[38;5;87m[RemoteDebugger][0m Remote Debugger version 12.1.4
[38;5;190m[0507c1b4][0m[38;5;87m[RemoteDebugger][0m Setting communication protocol: using Target-based communication
[38;5;190m[0507c1b4][0m[38;5;87m[RemoteDebugger][0m Error checking application PID:10046: 'Empty page dictionary received'
[38;5;190m[0507c1b4][0m[38;5;87m[RemoteDebugger][0m Error checking application PID:10046: 'Empty page dictionary received'
[38;5;190m[0507c1b4][0m[38;5;87m[RemoteDebugger][0m Error checking application PID:10046: 'Empty page dictionary received'
[38;5;190m[0507c1b4][0m[38;5;87m[RemoteDebugger][0m Error checking application PID:10046: 'Empty page dictionary received'
[38;5;190m[0507c1b4][0m[38;5;87m[RemoteDebugger][0m Error checking application PID:10046: 'Empty page dictionary received'
[38;5;190m[0507c1b4][0m[38;5;87m[RemoteDebugger][0m Error checking application PID:10046: 'Empty page dictionary received'
[38;5;190m[0507c1b4][0m[38;5;87m[RemoteDebugger][0m Error checking application PID:10046: 'Empty page dictionary received'
[38;5;190m[0507c1b4][0m[38;5;87m[RemoteDebugger][0m Error checking application PID:10046: 'Empty page dictionary received'
[38;5;190m[0507c1b4][0m[38;5;87m[RemoteDebugger][0m Error checking application PID:10046: 'Empty page dictionary received'
[38;5;190m[0507c1b4][0m[38;5;87m[RemoteDebugger][0m Error checking application PID:10046: 'Empty page dictionary received'
[38;5;190m[0507c1b4][0m[38;5;87m[RemoteDebugger][0m Error checking application PID:10046: 'Empty page dictionary received'
[38;5;190m[0507c1b4][0m[38;5;87m[RemoteDebugger][0m Error checking application PID:10046: 'Empty page dictionary received'
[38;5;190m[0507c1b4][0m[38;5;87m[RemoteDebugger][0m Error checking application PID:10046: 'Empty page dictionary received'
[38;5;190m[0507c1b4][0m[38;5;87m[RemoteDebugger][0m Error checking application PID:10046: 'Empty page dictionary received'
[38;5;190m[0507c1b4][0m[38;5;87m[RemoteDebugger][0m Error checking application PID:10046: 'Empty page dictionary received'
[38;5;190m[0507c1b4][0m[38;5;87m[RemoteDebugger][0m Error checking application PID:10046: 'Empty page dictionary received'
[38;5;190m[0507c1b4][0m[38;5;87m[RemoteDebugger][0m Error checking application PID:10046: 'Empty page dictionary received'
[38;5;190m[0507c1b4][0m[38;5;87m[RemoteDebugger][0m Error checking application PID:10046: 'Empty page dictionary received'
[38;5;190m[0507c1b4][0m[38;5;87m[RemoteDebugger][0m Error checking application PID:10046: 'Empty page dictionary received'
[38;5;190m[0507c1b4][0m[38;5;87m[RemoteDebugger][0m Error checking application PID:10046: 'Empty page dictionary received'
[38;5;190m[0507c1b4][0m[38;5;86m[HTTP][0m [37m<-- GET /wd/hub/session/0507c1b4-e794-47e0-b4b0-efa2ca42614e/contexts [39m[32m200[39m [90m10118 ms - 24[39m [90m[39m
[38;5;190m[0507c1b4][0m[38;5;86m[HTTP][0m [37m-->[39m [37mPOST[39m [37m/wd/hub/session/0507c1b4-e794-47e0-b4b0-efa2ca42614e/context[39m [90m{"name":"NATIVE_APP"}[39m
[38;5;190m[0507c1b4][0m[38;5;86m[HTTP][0m [37m<-- POST /wd/hub/session/0507c1b4-e794-47e0-b4b0-efa2ca42614e/context [39m[32m200[39m [90m2 ms - 14[39m [90m[39m
[38;5;190m[0507c1b4][0m[38;5;86m[HTTP][0m [37m-->[39m [37mPOST[39m [37m/wd/hub/session/0507c1b4-e794-47e0-b4b0-efa2ca42614e/execute/sync[39m [90m{"script":"mobile: activeAppInfo","args":[]}[39m
[38;5;190m[0507c1b4][0m[38;5;21m[XCUITestDriver@f5de][0m Proxying to WDA with an unknown route: GET /wda/activeAppInfo
[38;5;190m[0507c1b4][0m[38;5;86m[HTTP][0m [37m<-- POST /wd/hub/session/0507c1b4-e794-47e0-b4b0-efa2ca42614e/execute/sync [39m[32m200[39m [90m80 ms - 118[39m [90m[39m
[38;5;190m[0507c1b4][0m[38;5;86m[HTTP][0m [37m-->[39m [37mPOST[39m [37m/wd/hub/session/0507c1b4-e794-47e0-b4b0-efa2ca42614e/appium/device/terminate_app[39m [90m{"bundleId":"com.saucelabs.SwagLabsMobileApp"}[39m
[38;5;190m[0507c1b4][0m[38;5;86m[HTTP][0m [37m<-- POST /wd/hub/session/0507c1b4-e794-47e0-b4b0-efa2ca42614e/appium/device/terminate_app [39m[32m200[39m [90m1059 ms - 14[39m [90m[39m
[38;5;190m[0507c1b4][0m[38;5;86m[HTTP][0m [37m-->[39m [37mPOST[39m [37m/wd/hub/session/0507c1b4-e794-47e0-b4b0-efa2ca42614e/context[39m [90m{"name":"NATIVE_APP"}[39m
[38;5;190m[0507c1b4][0m[38;5;86m[HTTP][0m [37m<-- POST /wd/hub/session/0507c1b4-e794-47e0-b4b0-efa2ca42614e/context [39m[32m200[39m [90m2 ms - 14[39m [90m[39m
[38;5;190m[0507c1b4][0m[38;5;86m[HTTP][0m [37m-->[39m [37mDELETE[39m [37m/wd/hub/session/0507c1b4-e794-47e0-b4b0-efa2ca42614e[39m [90m{}[39m
[38;5;190m[0507c1b4][0m[38;5;113m[AppiumDriver@f759][0m Removing session 0507c1b4-e794-47e0-b4b0-efa2ca42614e from our master session list
[38;5;190m[0507c1b4][0m[38;5;23m[DevCon Factory][0m Releasing connections for 014A9FE7-D587-4BA0-A617-B5C91A739E17 device on any port number
[38;5;190m[0507c1b4][0m[38;5;23m[DevCon Factory][0m Found cached connections to release: ["014A9FE7-D587-4BA0-A617-B5C91A739E17:64200"]
[38;5;190m[0507c1b4][0m[38;5;86m[HTTP][0m [37m<-- DELETE /wd/hub/session/0507c1b4-e794-47e0-b4b0-efa2ca42614e [39m[32m200[39m [90m29 ms - 14[39m [90m[39m
[38;5;112m[Appium][0m Received SIGTERM - shutting down
[38;5;86m[HTTP][0m Closing Appium HTTP server
[38;5;86m[HTTP][0m Appium HTTP server has been succesfully closed after 0ms
